2020-04-16 20:23:32.643 WARN  com.netflix.config.sources.URLConfigurationSource Line:121 - No URLs will be polled as dynamic configuration sources.
2020-04-16 20:23:40.251 WARN  com.netflix.config.sources.URLConfigurationSource Line:121 - No URLs will be polled as dynamic configuration sources.
2020-04-16 20:25:06.204 WARN  org.hibernate.engine.jdbc.spi.SqlExceptionHelper Line:129 - SQL Error: 1054, SQLState: 42S22
2020-04-16 20:25:06.239 WARN  org.springframework.web.servlet.mvc.method.annotation.ExceptionHandlerExceptionResolver Line:140 - Resolved [org.springframework.dao.InvalidDataAccessResourceUsageException: could not extract ResultSet; SQL [n/a]; nested exception is org.hibernate.exception.SQLGrammarException: could not extract ResultSet]
2020-04-16 20:29:58.737 WARN  com.netflix.discovery.DiscoveryClient Line:1297 - Saw local status change event StatusChangeEvent [timestamp=1587040198737, current=DOWN, previous=UP]
2020-04-16 20:29:58.745 WARN  com.netflix.discovery.shared.transport.decorator.RetryableEurekaHttpClient Line:130 - Request execution failed with message: org.apache.http.NoHttpResponseException: localhost:6868 failed to respond
2020-04-16 20:29:58.780 WARN  org.springframework.context.annotation.CommonAnnotationBeanPostProcessor Line:164 - Invocation of destroy method failed on bean with name 'scopedTarget.eurekaClient': org.springframework.beans.factory.BeanCreationNotAllowedException: Error creating bean with name 'eurekaInstanceConfigBean': Singleton bean creation not allowed while singletons of this factory are in destruction (Do not request a bean from a BeanFactory in a destroy method implementation!)
2020-04-16 20:29:59.715 WARN  com.netflix.discovery.shared.transport.decorator.RetryableEurekaHttpClient Line:130 - Request execution failed with message: java.net.SocketException: Connection reset
2020-04-16 20:29:59.716 WARN  com.netflix.discovery.DiscoveryClient Line:831 - DiscoveryClient_IHRM-AUDIT/192.168.25.1:ihrm-audit:9009 - registration failed Cannot execute request on any known server
com.netflix.discovery.shared.transport.TransportException: Cannot execute request on any known server
	at com.netflix.discovery.shared.transport.decorator.RetryableEurekaHttpClient.execute(RetryableEurekaHttpClient.java:112)
	at com.netflix.discovery.shared.transport.decorator.EurekaHttpClientDecorator.register(EurekaHttpClientDecorator.java:56)
	at com.netflix.discovery.shared.transport.decorator.EurekaHttpClientDecorator$1.execute(EurekaHttpClientDecorator.java:59)
	at com.netflix.discovery.shared.transport.decorator.SessionedEurekaHttpClient.execute(SessionedEurekaHttpClient.java:77)
	at com.netflix.discovery.shared.transport.decorator.EurekaHttpClientDecorator.register(EurekaHttpClientDecorator.java:56)
	at com.netflix.discovery.DiscoveryClient.register(DiscoveryClient.java:829)
	at com.netflix.discovery.InstanceInfoReplicator.run(InstanceInfoReplicator.java:121)
	at com.netflix.discovery.InstanceInfoReplicator$1.run(InstanceInfoReplicator.java:101)
	at java.util.concurrent.Executors$RunnableAdapter.call(Executors.java:511)
	at java.util.concurrent.FutureTask.run$$$capture(FutureTask.java:266)
	at java.util.concurrent.FutureTask.run(FutureTask.java)
	at java.util.concurrent.ScheduledThreadPoolExecutor$ScheduledFutureTask.access$201(ScheduledThreadPoolExecutor.java:180)
	at java.util.concurrent.ScheduledThreadPoolExecutor$ScheduledFutureTask.run(ScheduledThreadPoolExecutor.java:293)
	at java.util.concurrent.ThreadPoolExecutor.runWorker(ThreadPoolExecutor.java:1149)
	at java.util.concurrent.ThreadPoolExecutor$Worker.run(ThreadPoolExecutor.java:624)
	at java.lang.Thread.run(Thread.java:748)
2020-04-16 20:29:59.716 WARN  com.netflix.discovery.InstanceInfoReplicator Line:125 - There was a problem with the instance info replicator
com.netflix.discovery.shared.transport.TransportException: Cannot execute request on any known server
	at com.netflix.discovery.shared.transport.decorator.RetryableEurekaHttpClient.execute(RetryableEurekaHttpClient.java:112)
	at com.netflix.discovery.shared.transport.decorator.EurekaHttpClientDecorator.register(EurekaHttpClientDecorator.java:56)
	at com.netflix.discovery.shared.transport.decorator.EurekaHttpClientDecorator$1.execute(EurekaHttpClientDecorator.java:59)
	at com.netflix.discovery.shared.transport.decorator.SessionedEurekaHttpClient.execute(SessionedEurekaHttpClient.java:77)
	at com.netflix.discovery.shared.transport.decorator.EurekaHttpClientDecorator.register(EurekaHttpClientDecorator.java:56)
	at com.netflix.discovery.DiscoveryClient.register(DiscoveryClient.java:829)
	at com.netflix.discovery.InstanceInfoReplicator.run(InstanceInfoReplicator.java:121)
	at com.netflix.discovery.InstanceInfoReplicator$1.run(InstanceInfoReplicator.java:101)
	at java.util.concurrent.Executors$RunnableAdapter.call(Executors.java:511)
	at java.util.concurrent.FutureTask.run$$$capture(FutureTask.java:266)
	at java.util.concurrent.FutureTask.run(FutureTask.java)
	at java.util.concurrent.ScheduledThreadPoolExecutor$ScheduledFutureTask.access$201(ScheduledThreadPoolExecutor.java:180)
	at java.util.concurrent.ScheduledThreadPoolExecutor$ScheduledFutureTask.run(ScheduledThreadPoolExecutor.java:293)
	at java.util.concurrent.ThreadPoolExecutor.runWorker(ThreadPoolExecutor.java:1149)
	at java.util.concurrent.ThreadPoolExecutor$Worker.run(ThreadPoolExecutor.java:624)
	at java.lang.Thread.run(Thread.java:748)
2020-04-16 20:31:51.909 WARN  com.netflix.config.sources.URLConfigurationSource Line:121 - No URLs will be polled as dynamic configuration sources.
2020-04-16 20:32:07.828 WARN  com.netflix.config.sources.URLConfigurationSource Line:121 - No URLs will be polled as dynamic configuration sources.
2020-04-16 20:35:35.844 WARN  org.hibernate.engine.jdbc.spi.SqlExceptionHelper Line:129 - SQL Error: 1054, SQLState: 42S22
2020-04-16 20:35:35.859 WARN  org.springframework.web.servlet.mvc.method.annotation.ExceptionHandlerExceptionResolver Line:140 - Resolved [org.springframework.dao.InvalidDataAccessResourceUsageException: could not extract ResultSet; SQL [n/a]; nested exception is org.hibernate.exception.SQLGrammarException: could not extract ResultSet]
2020-04-16 20:37:14.085 WARN  org.hibernate.engine.jdbc.spi.SqlExceptionHelper Line:129 - SQL Error: 1054, SQLState: 42S22
2020-04-16 20:37:14.090 WARN  org.springframework.web.servlet.mvc.method.annotation.ExceptionHandlerExceptionResolver Line:140 - Resolved [org.springframework.dao.InvalidDataAccessResourceUsageException: could not extract ResultSet; SQL [n/a]; nested exception is org.hibernate.exception.SQLGrammarException: could not extract ResultSet]
2020-04-16 20:37:50.021 WARN  org.hibernate.engine.jdbc.spi.SqlExceptionHelper Line:129 - SQL Error: 1054, SQLState: 42S22
2020-04-16 20:37:50.024 WARN  org.springframework.web.servlet.mvc.method.annotation.ExceptionHandlerExceptionResolver Line:140 - Resolved [org.springframework.dao.InvalidDataAccessResourceUsageException: could not extract ResultSet; SQL [n/a]; nested exception is org.hibernate.exception.SQLGrammarException: could not extract ResultSet]
2020-04-16 20:38:19.224 WARN  org.hibernate.engine.jdbc.spi.SqlExceptionHelper Line:129 - SQL Error: 1054, SQLState: 42S22
2020-04-16 20:38:19.227 WARN  org.springframework.web.servlet.mvc.method.annotation.ExceptionHandlerExceptionResolver Line:140 - Resolved [org.springframework.dao.InvalidDataAccessResourceUsageException: could not extract ResultSet; SQL [n/a]; nested exception is org.hibernate.exception.SQLGrammarException: could not extract ResultSet]
2020-04-16 20:41:46.383 WARN  com.netflix.discovery.DiscoveryClient Line:1297 - Saw local status change event StatusChangeEvent [timestamp=1587040906383, current=DOWN, previous=UP]
2020-04-16 20:41:46.410 WARN  org.springframework.context.annotation.CommonAnnotationBeanPostProcessor Line:164 - Invocation of destroy method failed on bean with name 'scopedTarget.eurekaClient': org.springframework.beans.factory.BeanCreationNotAllowedException: Error creating bean with name 'eurekaInstanceConfigBean': Singleton bean creation not allowed while singletons of this factory are in destruction (Do not request a bean from a BeanFactory in a destroy method implementation!)
2020-04-16 20:42:01.300 WARN  com.netflix.config.sources.URLConfigurationSource Line:121 - No URLs will be polled as dynamic configuration sources.
2020-04-16 20:42:08.907 WARN  com.netflix.config.sources.URLConfigurationSource Line:121 - No URLs will be polled as dynamic configuration sources.
2020-04-16 20:42:32.234 WARN  org.hibernate.engine.jdbc.spi.SqlExceptionHelper Line:129 - SQL Error: 1054, SQLState: 42S22
2020-04-16 20:42:32.285 WARN  org.springframework.web.servlet.mvc.method.annotation.ExceptionHandlerExceptionResolver Line:140 - Resolved [org.springframework.dao.InvalidDataAccessResourceUsageException: could not extract ResultSet; SQL [n/a]; nested exception is org.hibernate.exception.SQLGrammarException: could not extract ResultSet]
2020-04-16 21:06:13.580 WARN  com.netflix.discovery.DiscoveryClient Line:1297 - Saw local status change event StatusChangeEvent [timestamp=1587042373580, current=DOWN, previous=UP]
2020-04-16 21:06:13.626 WARN  org.springframework.context.annotation.CommonAnnotationBeanPostProcessor Line:164 - Invocation of destroy method failed on bean with name 'scopedTarget.eurekaClient': org.springframework.beans.factory.BeanCreationNotAllowedException: Error creating bean with name 'eurekaInstanceConfigBean': Singleton bean creation not allowed while singletons of this factory are in destruction (Do not request a bean from a BeanFactory in a destroy method implementation!)
2020-04-16 21:16:12.463 WARN  com.netflix.config.sources.URLConfigurationSource Line:121 - No URLs will be polled as dynamic configuration sources.
2020-04-16 21:16:19.534 WARN  com.netflix.config.sources.URLConfigurationSource Line:121 - No URLs will be polled as dynamic configuration sources.
2020-04-16 21:27:59.592 WARN  com.netflix.discovery.DiscoveryClient Line:1297 - Saw local status change event StatusChangeEvent [timestamp=1587043679592, current=DOWN, previous=UP]
2020-04-16 21:27:59.635 WARN  org.springframework.context.annotation.CommonAnnotationBeanPostProcessor Line:164 - Invocation of destroy method failed on bean with name 'scopedTarget.eurekaClient': org.springframework.beans.factory.BeanCreationNotAllowedException: Error creating bean with name 'eurekaInstanceConfigBean': Singleton bean creation not allowed while singletons of this factory are in destruction (Do not request a bean from a BeanFactory in a destroy method implementation!)
2020-04-16 21:28:49.886 WARN  com.netflix.config.sources.URLConfigurationSource Line:121 - No URLs will be polled as dynamic configuration sources.
2020-04-16 21:28:58.778 WARN  com.netflix.config.sources.URLConfigurationSource Line:121 - No URLs will be polled as dynamic configuration sources.
